<?xml version="1.0" encoding="UTF-8"?>
<!-- Generated by org.testng.reporters.JUnitXMLReporter -->
<testsuite ignored="0" hostname="DESKTOP-4DTQDLK" failures="1" tests="4" name="LoginTest" time="36.553" errors="0" timestamp="2025-11-14T10:37:59 IST">
  <testcase classname="TestCases.TC_001_Login" name="loginTest" time="3.479"/>
  <testcase classname="TestCases.TC_001_Login" name="loginTest" time="2.133"/>
  <testcase classname="TestCases.TC_001_Login" name="loginTest" time="2.08"/>
  <testcase classname="TestCases.TC_002_createUser" name="loginAndCreateUser" time="14.341">
    <failure type="java.lang.AssertionError" message="User creation failed for: testuser13 expected [true] but found [false]">
      <![CDATA[java.lang.AssertionError: User creation failed for: testuser13 expected [true] but found [false]
at TestCases.TC_002_createUser.loginAndCreateUser(TC_002_createUser.java:88)
at java.base/java.util.ArrayList.forEach(ArrayList.java:1596)
... Removed 28 stack frames]]>
    </failure>
  </testcase> <!-- loginAndCreateUser -->
</testsuite> <!-- LoginTest -->
