<?xml version="1.0" encoding="UTF-8"?>
<!-- Generated by org.testng.reporters.JUnitXMLReporter -->
<testsuite ignored="0" hostname="DESKTOP-4DTQDLK" failures="2" tests="5" name="RegressionSuite" time="32.607" errors="0" timestamp="2025-11-18T18:01:31 IST">
  <testcase classname="TestCases.TC_001_Login" name="loginTest" time="2.401"/>
  <testcase classname="TestCases.TC_001_Login" name="loginTest" time="0.89"/>
  <testcase classname="TestCases.TC_001_Login" name="loginTest" time="1.677"/>
  <testcase classname="TestCases.TC_002_createUser" name="loginAndCreateUser" time="14.68">
    <failure type="java.lang.AssertionError" message="User creation failed for: testuser18 expected [true] but found [false]">
      <![CDATA[java.lang.AssertionError: User creation failed for: testuser18 expected [true] but found [false]
at TestCases.TC_002_createUser.loginAndCreateUser(TC_002_createUser.java:91)
at java.base/java.util.ArrayList.forEach(ArrayList.java:1596)
... Removed 28 stack frames]]>
    </failure>
  </testcase> <!-- loginAndCreateUser -->
  <testcase classname="TestCases.TC_002_createUser" name="loginAndCreateUser" time="14.763">
    <failure type="java.lang.NoClassDefFoundError" message="base/BaseClass (wrong name: Base/BaseClass)">
      <![CDATA[java.lang.NoClassDefFoundError: base/BaseClass (wrong name: Base/BaseClass)
at java.base/java.lang.ClassLoader.defineClass1(Native Method)
at java.base/java.lang.ClassLoader.defineClass(ClassLoader.java:1027)
at java.base/java.security.SecureClassLoader.defineClass(SecureClassLoader.java:150)
at java.base/jdk.internal.loader.BuiltinClassLoader.defineClass(BuiltinClassLoader.java:862)
at java.base/jdk.internal.loader.BuiltinClassLoader.findClassOnClassPathOrNull(BuiltinClassLoader.java:760)
at java.base/jdk.internal.loader.BuiltinClassLoader.loadClassOrNull(BuiltinClassLoader.java:681)
at java.base/jdk.internal.loader.BuiltinClassLoader.loadClass(BuiltinClassLoader.java:639)
at java.base/jdk.internal.loader.ClassLoaders$AppClassLoader.loadClass(ClassLoaders.java:188)
at java.base/java.lang.ClassLoader.loadClass(ClassLoader.java:526)
at Utility.ExtentReportManager.onTestFailure(ExtentReportManager.java:84)
at java.base/java.util.ArrayList.forEach(ArrayList.java:1596)
... Removed 24 stack frames]]>
    </failure>
  </testcase> <!-- loginAndCreateUser -->
</testsuite> <!-- RegressionSuite -->
